2023-06-04T23:30:33.926366Z 0 [System] [MY-013169] [Server] C:\HAsupport\MySQL/bin/mysqld.exe (mysqld 8.0.22) initializing of server in progress as process 18084
2023-06-04T23:30:33.956260Z 1 [System] [MY-013576] [InnoDB] InnoDB initialization has started.
2023-06-04T23:30:34.955536Z 1 [System] [MY-013577] [InnoDB] InnoDB initialization has ended.
2023-06-04T23:30:36.507826Z 6 [Warning] [MY-010453] [Server] root@localhost is created with an empty password ! Please consider switching off the --initialize-insecure option.
2023-06-04T23:30:38.994223Z 0 [System] [MY-010116] [Server] C:\HAsupport\MySQL\bin\mysqld.exe (mysqld 8.0.22) starting as process 6936
2023-06-04T23:30:39.012593Z 1 [System] [MY-013576] [InnoDB] InnoDB initialization has started.
2023-06-04T23:30:39.547157Z 1 [System] [MY-013577] [InnoDB] InnoDB initialization has ended.
2023-06-04T23:30:39.706333Z 0 [System] [MY-011323] [Server] X Plugin ready for connections. Bind-address: '::' port: 33060
2023-06-04T23:30:39.844225Z 0 [Warning] [MY-010068] [Server] CA certificate ca.pem is self signed.
2023-06-04T23:30:39.844917Z 0 [System] [MY-013602] [Server] Channel mysql_main configured to support TLS. Encrypted connections are now supported for this channel.
2023-06-04T23:30:39.940628Z 0 [System] [MY-010931] [Server] C:\HAsupport\MySQL\bin\mysqld.exe: ready for connections. Version: '8.0.22'  socket: ''  port: 3306  MySQL Community Server - GPL.
2023-06-05T00:23:24.557790Z 0 [System] [MY-013105] [Server] C:\HAsupport\MySQL\bin\mysqld.exe: Normal shutdown.
2023-06-05T00:23:26.084466Z 0 [System] [MY-010910] [Server] C:\HAsupport\MySQL\bin\mysqld.exe: Shutdown complete (mysqld 8.0.22)  MySQL Community Server - GPL.
2023-06-05T00:24:13.833387Z 0 [System] [MY-010116] [Server] C:\HAsupport\MySQL\bin\mysqld.exe (mysqld 8.0.22) starting as process 5264
2023-06-05T00:24:13.963518Z 1 [System] [MY-013576] [InnoDB] InnoDB initialization has started.
2023-06-05T00:24:14.538080Z 1 [System] [MY-013577] [InnoDB] InnoDB initialization has ended.
2023-06-05T00:24:15.042437Z 0 [System] [MY-011323] [Server] X Plugin ready for connections. Bind-address: '::' port: 33060
2023-06-05T00:24:15.172641Z 0 [Warning] [MY-010068] [Server] CA certificate ca.pem is self signed.
2023-06-05T00:24:15.174001Z 0 [System] [MY-013602] [Server] Channel mysql_main configured to support TLS. Encrypted connections are now supported for this channel.
2023-06-05T00:24:15.252470Z 0 [System] [MY-010931] [Server] C:\HAsupport\MySQL\bin\mysqld.exe: ready for connections. Version: '8.0.22'  socket: ''  port: 3306  MySQL Community Server - GPL.
